TN:
SF:api/index.go
DA:13,0
DA:14,0
DA:15,0
LF:3
LH:0
end_of_record
TN:
SF:cmd/server/main.go
DA:11,0
DA:12,0
DA:13,0
DA:14,0
DA:15,0
DA:16,0
LF:6
LH:0
end_of_record
TN:
SF:httpapi/httpapi.go
DA:13,6
DA:14,6
DA:15,6
DA:17,7
DA:18,7
DA:19,7
DA:21,8
DA:22,8
DA:23,8
DA:24,8
DA:31,28
DA:32,28
DA:33,28
DA:34,28
DA:36,8
DA:37,36
DA:38,28
DA:39,28
DA:40,28
DA:41,28
DA:42,28
DA:43,28
DA:44,28
DA:45,28
DA:46,28
DA:47,28
DA:50,8
DA:51,36
DA:52,56
DA:53,29
DA:54,1
DA:55,1
DA:57,28
DA:63,8
DA:64,36
DA:65,28
DA:66,28
DA:67,28
DA:68,28
DA:69,28
DA:70,28
DA:71,28
DA:79,8
DA:80,36
DA:81,28
DA:82,0
DA:83,0
DA:84,0
DA:85,28
LF:49
LH:46
end_of_record
TN:
SF:httpapi/routes.go
DA:13,7
DA:14,7
DA:15,7
DA:16,7
DA:17,7
DA:18,7
DA:19,7
DA:21,12
DA:22,20
DA:23,8
DA:24,8
DA:25,8
DA:26,8
DA:27,4
DA:28,4
DA:29,4
DA:30,4
DA:31,4
DA:34,6
DA:35,6
DA:36,6
DA:38,15
DA:39,15
DA:40,15
DA:42,19
DA:43,19
DA:44,19
DA:45,19
DA:46,19
LF:29
LH:29
end_of_record
